<?xml version="1.0" encoding="UTF-8" ?>
<testsuite tests="1" failures="0" name="ParamInjectTest" time="0.407" errors="1" skipped="0">
  <properties>
[...]
</properties>
  <testcase classname="ParamInjectTest" name="testIt" time="0.407">
    <error message="Validation of the application resource model has failed during application initialization.
[[FATAL] No injection source found for a parameter of type public jakarta.ws.rs.core.Response TestResource.post(java.lang.String,User) at index 1.; source=&apos;ResourceMethod{httpMethod=POST, consumedTypes=[text/plain], producedTypes=[text/plain], suspended=false, suspendTimeout=0, suspendTimeoutUnit=MILLISECONDS, invocable=Invocable{handler=ClassBasedMethodHandler{handlerClass=class TestResource, handlerConstructors=[org.glassfish.jersey.server.model.HandlerConstructor@413f69cc]}, definitionMethod=public jakarta.ws.rs.core.Response TestResource.post(java.lang.String,User), parameters=[Parameter [type=class java.lang.String, source=null, defaultValue=null], Parameter [type=class User, source=null, defaultValue=null]], responseType=class jakarta.ws.rs.core.Response}, nameBindings=[]}&apos;]" type="org.glassfish.jersey.server.model.ModelValidationException">org.glassfish.jersey.server.model.ModelValidationException: Validation of the application resource model has failed during application initialization.
[[FATAL] No injection source found for a parameter of type public jakarta.ws.rs.core.Response TestResource.post(java.lang.String,User) at index 1.; source=&apos;ResourceMethod{httpMethod=POST, consumedTypes=[text/plain], producedTypes=[text/plain], suspended=false, suspendTimeout=0, suspendTimeoutUnit=MILLISECONDS, invocable=Invocable{handler=ClassBasedMethodHandler{handlerClass=class TestResource, handlerConstructors=[org.glassfish.jersey.server.model.HandlerConstructor@413f69cc]}, definitionMethod=public jakarta.ws.rs.core.Response TestResource.post(java.lang.String,User), parameters=[Parameter [type=class java.lang.String, source=null, defaultValue=null], Parameter [type=class User, source=null, defaultValue=null]], responseType=class jakarta.ws.rs.core.Response}, nameBindings=[]}&apos;]
	at org.glassfish.jersey.server.ApplicationHandler.initialize(ApplicationHandler.java:375)
	at org.glassfish.jersey.server.ApplicationHandler.lambda$initialize$1(ApplicationHandler.java:297)
	at org.glassfish.jersey.internal.Errors.process(Errors.java:292)
	at org.glassfish.jersey.internal.Errors.process(Errors.java:274)
	at org.glassfish.jersey.internal.Errors.processWithException(Errors.java:232)
	at org.glassfish.jersey.server.ApplicationHandler.initialize(ApplicationHandler.java:296)
	at org.glassfish.jersey.server.ApplicationHandler.&lt;init&gt;(ApplicationHandler.java:261)
	at org.glassfish.jersey.server.ApplicationHandler.&lt;init&gt;(ApplicationHandler.java:248)
	at org.glassfish.jersey.jetty.JettyHttpContainer.&lt;init&gt;(JettyHttpContainer.java:489)
	at org.glassfish.jersey.jetty.JettyHttpContainerProvider.createContainer(JettyHttpContainerProvider.java:43)
	at org.glassfish.jersey.server.ContainerFactory.createContainer(ContainerFactory.java:58)
	at org.glassfish.jersey.jetty.JettyHttpContainerFactory.createServer(JettyHttpContainerFactory.java:135)
	at org.glassfish.jersey.test.jetty.JettyTestContainerFactory$JettyTestContainer.&lt;init&gt;(JettyTestContainerFactory.java:68)
	at org.glassfish.jersey.test.jetty.JettyTestContainerFactory$JettyTestContainer.&lt;init&gt;(JettyTestContainerFactory.java:45)
	at org.glassfish.jersey.test.jetty.JettyTestContainerFactory.create(JettyTestContainerFactory.java:126)
	at org.glassfish.jersey.test.JerseyTest.createTestContainer(JerseyTest.java:262)
	at org.glassfish.jersey.test.JerseyTest.setUp(JerseyTest.java:621)
	at java.base/jdk.internal.reflect.NativeMethodAccessorImpl.invoke0(Native Method)
	at java.base/jdk.internal.reflect.NativeMethodAccessorImpl.invoke(NativeMethodAccessorImpl.java:77)
	at java.base/jdk.internal.reflect.DelegatingMethodAccessorImpl.invoke(DelegatingMethodAccessorImpl.java:43)
	at java.base/java.lang.reflect.Method.invoke(Method.java:568)
	at org.junit.runners.model.FrameworkMethod$1.runReflectiveCall(FrameworkMethod.java:59)
	at org.junit.internal.runners.model.ReflectiveCallable.run(ReflectiveCallable.java:12)
	at org.junit.runners.model.FrameworkMethod.invokeExplosively(FrameworkMethod.java:56)
	at org.junit.internal.runners.statements.RunBefores.invokeMethod(RunBefores.java:33)
	at org.junit.internal.runners.statements.RunBefores.evaluate(RunBefores.java:24)
	at org.junit.internal.runners.statements.RunAfters.evaluate(RunAfters.java:27)
	at org.junit.runners.ParentRunner$3.evaluate(ParentRunner.java:306)
	at org.junit.runners.BlockJUnit4ClassRunner$1.evaluate(BlockJUnit4ClassRunner.java:100)
	at org.junit.runners.ParentRunner.runLeaf(ParentRunner.java:366)
	at org.junit.runners.BlockJUnit4ClassRunner.runChild(BlockJUnit4ClassRunner.java:103)
	at org.junit.runners.BlockJUnit4ClassRunner.runChild(BlockJUnit4ClassRunner.java:63)
	at org.junit.runners.ParentRunner$4.run(ParentRunner.java:331)
	at org.junit.runners.ParentRunner$1.schedule(ParentRunner.java:79)
	at org.junit.runners.ParentRunner.runChildren(ParentRunner.java:329)
	at org.junit.runners.ParentRunner.access$100(ParentRunner.java:66)
	at org.junit.runners.ParentRunner$2.evaluate(ParentRunner.java:293)
	at org.junit.runners.ParentRunner$3.evaluate(ParentRunner.java:306)
	at org.junit.runners.ParentRunner.run(ParentRunner.java:413)
	at org.apache.maven.surefire.junit4.JUnit4Provider.execute(JUnit4Provider.java:252)
	at org.apache.maven.surefire.junit4.JUnit4Provider.executeTestSet(JUnit4Provider.java:141)
	at org.apache.maven.surefire.junit4.JUnit4Provider.invoke(JUnit4Provider.java:112)
	at java.base/jdk.internal.reflect.NativeMethodAccessorImpl.invoke0(Native Method)
	at java.base/jdk.internal.reflect.NativeMethodAccessorImpl.invoke(NativeMethodAccessorImpl.java:77)
	at java.base/jdk.internal.reflect.DelegatingMethodAccessorImpl.invoke(DelegatingMethodAccessorImpl.java:43)
	at java.base/java.lang.reflect.Method.invoke(Method.java:568)
	at org.apache.maven.surefire.util.ReflectionUtils.invokeMethodWithArray(ReflectionUtils.java:189)
	at org.apache.maven.surefire.booter.ProviderFactory$ProviderProxy.invoke(ProviderFactory.java:165)
	at org.apache.maven.surefire.booter.ProviderFactory.invokeProvider(ProviderFactory.java:85)
	at org.apache.maven.surefire.booter.ForkedBooter.runSuitesInProcess(ForkedBooter.java:115)
	at org.apache.maven.surefire.booter.ForkedBooter.main(ForkedBooter.java:75)
</error>
    <system-err>Mar 28, 2022 9:58:11 PM org.glassfish.jersey.test.jetty.JettyTestContainerFactory$JettyTestContainer &lt;init&gt;
INFO: Creating JettyTestContainer configured at the base URI http://localhost:9998/
SLF4J: No SLF4J providers were found.
SLF4J: Defaulting to no-operation (NOP) logger implementation
SLF4J: See http://www.slf4j.org/codes.html#noProviders for further details.
Mar 28, 2022 9:58:11 PM org.glassfish.jersey.server.wadl.WadlFeature configure
WARNING: JAXBContext implementation could not be found. WADL feature is disabled.
Mar 28, 2022 9:58:11 PM org.glassfish.jersey.internal.Errors logErrors
SEVERE: Following issues have been detected: 
WARNING: No injection source found for a parameter of type public jakarta.ws.rs.core.Response TestResource.post(java.lang.String,User) at index 1.

</system-err>
  </testcase>
</testsuite>